[backblue.gif]
[fade.gif]
[index.html]
[emedia.rmit.edu.au/CHC33015/wp-content/themes/275/js/popper.min68b3.js]
[emedia.rmit.edu.au/CHC33015/index52f0.json]
[emedia.rmit.edu.au/CHC33015/wp-content/themes/275/fssi/js/jquery.min.js]
[emedia.rmit.edu.au/CHC33015/wp-content/themes/275/fssi/js/theme.min.js]
[emedia.rmit.edu.au/CHC33015/wp-content/uploads/2018/12/Support-worker-e1551074496976.jpg]
[emedia.rmit.edu.au/CHC33015/index70b7.html]
[emedia.rmit.edu.au/CHC33015/wp-content/plugins/h5p/h5p-php-library/fonts/h5p-core-187e87.eot]
[emedia.rmit.edu.au/CHC33015/wp-content/plugins/h5p/h5p-php-library/fonts/h5p-core-187e87.ttf]
[emedia.rmit.edu.au/CHC33015/wp-content/plugins/h5p/h5p-php-library/fonts/h5p-core-187e87.woff]
[emedia.rmit.edu.au/CHC33015/wp-content/plugins/h5p/h5p-php-library/images/throbber1576.gif]
[emedia.rmit.edu.au/CHC33015/wp-content/plugins/h5p/h5p-php-library/styles/h5pde48.css]
[emedia.rmit.edu.au/CHC33015/index5927.json]
[emedia.rmit.edu.au/CHC33015/indexf718.php]
[emedia.rmit.edu.au/CHC33015/wp-content/themes/275/fssi/fonts/TradeGothicLTStd-Cn18.woff]
[emedia.rmit.edu.au/CHC33015/wp-content/themes/275/fssi/fonts/TradeGothicLTPro-BdCn20.woff]
[emedia.rmit.edu.au/CHC33015/wp-content/themes/275/fssi/fonts/open-sans-v15-latin-regular.eot]
[emedia.rmit.edu.au/CHC33015/wp-content/themes/275/fssi/fonts/open-sans-v15-latin-regulard41d.eot]
[emedia.rmit.edu.au/CHC33015/wp-content/themes/275/fssi/fonts/open-sans-v15-latin-regular.woff]
[emedia.rmit.edu.au/CHC33015/wp-content/themes/275/fssi/fonts/open-sans-v15-latin-regular.ttf]
[emedia.rmit.edu.au/CHC33015/wp-content/themes/275/fssi/fonts/open-sans-v15-latin-700.eot]
[emedia.rmit.edu.au/CHC33015/wp-content/themes/275/fssi/fonts/open-sans-v15-latin-700d41d.eot]
[emedia.rmit.edu.au/CHC33015/wp-content/themes/275/fssi/fonts/open-sans-v15-latin-700.woff]
[emedia.rmit.edu.au/CHC33015/wp-content/themes/275/fssi/img/theme/nav_header.png]
[emedia.rmit.edu.au/CHC33015/wp-content/themes/275/fssi/img/theme/logo_banner_lighter.png]
[emedia.rmit.edu.au/CHC33015/wp-content/themes/275/fssi/img/theme/fssi_logo.png]
[emedia.rmit.edu.au/CHC33015/wp-content/themes/275/fssi/img/theme/breadcrumb_banner.png]
[emedia.rmit.edu.au/CHC33015/wp-content/themes/275/fssi/img/theme/flipme_icon.png]
[emedia.rmit.edu.au/CHC33015/wp-content/themes/275/fssi/img/theme/learning_objectives_inverse.png]
[emedia.rmit.edu.au/CHC33015/wp-content/themes/275/fssi/img/theme/learning_objectives.png]
[emedia.rmit.edu.au/CHC33015/wp-content/themes/275/fssi/img/theme/key_activities_inverse.png]
[emedia.rmit.edu.au/CHC33015/wp-content/themes/275/fssi/img/theme/key_activities.png]
[emedia.rmit.edu.au/CHC33015/wp-content/themes/275/fssi/img/theme/assessments_inverse.png]
[emedia.rmit.edu.au/CHC33015/wp-content/themes/275/fssi/img/theme/assessments.png]
[emedia.rmit.edu.au/CHC33015/wp-content/themes/275/fssi/img/theme/vcoss_rmit_logo.png]
[emedia.rmit.edu.au/CHC33015/wp-content/themes/275/fonts/fontawesome-webfont3e6e.eot]
[emedia.rmit.edu.au/CHC33015/wp-content/themes/275/fonts/fontawesome-webfontd41d.eot]
[emedia.rmit.edu.au/CHC33015/wp-content/themes/275/fonts/fontawesome-webfont3e6e.woff]
[emedia.rmit.edu.au/CHC33015/wp-content/themes/275/fonts/fontawesome-webfont3e6e.ttf]
[emedia.rmit.edu.au/CHC33015/wp-content/themes/275/css/fssi.css]
[emedia.rmit.edu.au/CHC33015/wp-content/themes/275/fssi/img/fssi-white.svg]
[emedia.rmit.edu.au/CHC33015/index359c.html]
[emedia.rmit.edu.au/CHC33015/wp-content/uploads/2019/05/by-nc-nd.svg]
[emedia.rmit.edu.au/CHC33015/wp-content/plugins/h5p/h5p-php-library/fonts/h5p-core-187e87.svg]
[emedia.rmit.edu.au/CHC33015/wp-content/themes/275/fssi/fonts/TradeGothicLTStd-Cn18.html]
[emedia.rmit.edu.au/CHC33015/wp-content/themes/275/fssi/fonts/TradeGothicLTPro-BdCn20.html]
[emedia.rmit.edu.au/CHC33015/wp-content/themes/275/fssi/fonts/open-sans-v15-latin-regular.html]
[emedia.rmit.edu.au/CHC33015/wp-content/themes/275/fssi/fonts/open-sans-v15-latin-regular.svg]
[emedia.rmit.edu.au/CHC33015/wp-content/themes/275/fssi/fonts/open-sans-v15-latin-700.html]
[emedia.rmit.edu.au/CHC33015/wp-content/themes/275/fssi/fonts/open-sans-v15-latin-700.svg]
[emedia.rmit.edu.au/CHC33015/wp-content/themes/275/fonts/fontawesome-webfont3e6e.html]
[emedia.rmit.edu.au/CHC33015/wp-content/themes/275/fonts/fontawesome-webfont3e6e.svg]
[emedia.rmit.edu.au/CHC33015/wp-content/themes/275/css/img/tear.html]
[emedia.rmit.edu.au/CHC33015/index0ae6.json]
[emedia.rmit.edu.au/CHC33015/index2575.php]
[emedia.rmit.edu.au/CHC33015/wp-content/uploads/2018/12/Working-with-diverse-people-video-3.pdf]
[emedia.rmit.edu.au/CHC33015/wp-content/themes/275/img/learning_activity.png]
[emedia.rmit.edu.au/CHC33015/index849a.html]
[emedia.rmit.edu.au/CHC33015/index1138.html]
[emedia.rmit.edu.au/CHC33015/index2d8a.html]
[emedia.rmit.edu.au/CHC33015/wp-content/uploads/2018/12/Woman-in-wheelchair-with-friends.png]
[emedia.rmit.edu.au/CHC33015/indexc7b2.html]
[emedia.rmit.edu.au/CHC33015/indexc18e.html]
[emedia.rmit.edu.au/CHC33015/index4f17.html]
[emedia.rmit.edu.au/CHC33015/wp-content/uploads/2019/02/Silouet.jpg]
[emedia.rmit.edu.au/CHC33015/indexecf0.html]
[emedia.rmit.edu.au/CHC33015/wp-content/uploads/2018/11/languages-150x150.png]
[emedia.rmit.edu.au/CHC33015/wp-content/uploads/2018/11/pain-150x150.png]
[emedia.rmit.edu.au/CHC33015/wp-content/uploads/2018/11/community-structure-150x150.png]
[emedia.rmit.edu.au/CHC33015/wp-content/uploads/2018/11/community-rules_2-150x150.png]
[emedia.rmit.edu.au/CHC33015/wp-content/uploads/2018/11/social-awareness_2-150x150.png]
[emedia.rmit.edu.au/CHC33015/wp-content/uploads/2018/11/improving-social-awareness-150x150.png]
[emedia.rmit.edu.au/CHC33015/wp-content/uploads/2018/12/TwoHumans-01-e1551146041111-150x150.jpg]
[emedia.rmit.edu.au/CHC33015/wp-content/uploads/2018/11/languages.png]
[emedia.rmit.edu.au/CHC33015/wp-content/uploads/2018/11/pain.png]
[emedia.rmit.edu.au/CHC33015/wp-content/uploads/2018/11/community-structure.png]
[emedia.rmit.edu.au/CHC33015/wp-content/uploads/2018/11/community-rules_2.png]
[emedia.rmit.edu.au/CHC33015/wp-content/uploads/2018/11/social-awareness_2.png]
[emedia.rmit.edu.au/CHC33015/wp-content/uploads/2018/11/improving-social-awareness.png]
[emedia.rmit.edu.au/CHC33015/wp-content/uploads/2018/12/TwoHumans-01-e1551146041111.jpg]
[emedia.rmit.edu.au/CHC33015/index8c07.html]
[emedia.rmit.edu.au/CHC33015/wp-content/uploads/2018/12/rawpixel-310778-unsplash-300x200.jpg]
[emedia.rmit.edu.au/CHC33015/index4f05.html]
[emedia.rmit.edu.au/CHC33015/indexbe5f.html]
[emedia.rmit.edu.au/CHC33015/index0ebf.json]
[emedia.rmit.edu.au/CHC33015/indexff7a.php]
[emedia.rmit.edu.au/CHC33015/index7228.json]
[emedia.rmit.edu.au/CHC33015/index4e94.php]
[emedia.rmit.edu.au/CHC33015/index27a1.json]
[emedia.rmit.edu.au/CHC33015/index53a1.php]
[emedia.rmit.edu.au/CHC33015/index1fe9.json]
[emedia.rmit.edu.au/CHC33015/indexc056.php]
[emedia.rmit.edu.au/CHC33015/index7a40.json]
[emedia.rmit.edu.au/CHC33015/index1ac0.php]
[emedia.rmit.edu.au/CHC33015/index8cc1.json]
[emedia.rmit.edu.au/CHC33015/indexd023.php]
[emedia.rmit.edu.au/CHC33015/index59c0.json]
[emedia.rmit.edu.au/CHC33015/index801b.php]
[emedia.rmit.edu.au/CHC33015/indexb60b.json]
[emedia.rmit.edu.au/CHC33015/index3ff5.php]
[emedia.rmit.edu.au/CHC33015/index7fe8.json]
[emedia.rmit.edu.au/CHC33015/index5bf7.php]
[emedia.rmit.edu.au/CHC33015/index54c1.json]
[emedia.rmit.edu.au/CHC33015/indexc00f.php]
